<?xml version="1.0" encoding="UTF-8"?>
<!-- Generated by org.testng.reporters.JUnitXMLReporter -->
<testsuite ignored="0" hostname="Amrieen" failures="0" tests="7" name="Default test" time="73.957" errors="0" timestamp="2022-05-17T15:13:11 IST">
  <testcase classname="ticketingSystem.TestScript" name="test_01" time="1.522"/>
  <testcase classname="ticketingSystem.TestScript" name="test_02" time="1.099"/>
  <testcase classname="ticketingSystem.TestScript" name="test_03" time="1.819"/>
  <testcase classname="ticketingSystem.TestScript" name="test_04" time="1.112"/>
  <testcase classname="ticketingSystem.TestScript" name="test_05" time="1.122"/>
  <testcase classname="ticketingSystem.TestScript" name="test_06" time="2.357"/>
  <testcase classname="ticketingSystem.TestScript" name="test_07" time="1.357"/>
</testsuite> <!-- Default test -->
