<?xml version="1.0" encoding="UTF-8"?>
<!-- Generated by org.testng.reporters.JUnitXMLReporter -->
<testsuite ignored="0" hostname="Amrieen" failures="0" tests="7" name="Default test" time="101.046" errors="0" timestamp="2022-05-19T13:11:31 IST">
  <testcase classname="com.ticketingSystem.Script.PlayPauseScript" name="test_01" time="1.39"/>
  <testcase classname="com.ticketingSystem.Script.PlayPauseScript" name="test_02" time="1.072"/>
  <testcase classname="com.ticketingSystem.Script.PlayPauseScript" name="test_03" time="1.539"/>
  <testcase classname="com.ticketingSystem.Script.PlayPauseScript" name="test_04" time="1.327"/>
  <testcase classname="com.ticketingSystem.Script.PlayPauseScript" name="test_05" time="1.078"/>
  <testcase classname="com.ticketingSystem.Script.PlayPauseScript" name="test_06" time="2.308"/>
  <testcase classname="com.ticketingSystem.Script.PlayPauseScript" name="test_07" time="1.858"/>
</testsuite> <!-- Default test -->
